<?xml version="1.0" encoding="UTF-8"?>
<!-- Generated by org.testng.reporters.JUnitXMLReporter -->
<testsuite ignored="0" hostname="DESKTOP-RCGEUSC" failures="0" tests="4" name="Default test" time="26.95" errors="0" timestamp="2024-05-25T12:42:39 IST">
  <testcase classname="org.automation.testing.testcases.TC_001_ValidateLoginFuntionality" name="tc_001_login_funtionality" time="0.554"/>
  <testcase classname="org.automation.testing.testcases.TC_001_ValidateLoginFuntionality" name="tc_001_login_funtionality" time="0.473"/>
  <testcase classname="org.automation.testing.testcases.TC_001_ValidateLoginFuntionality" name="tc_001_login_funtionality" time="0.372"/>
  <testcase classname="org.automation.testing.testcases.TC_001_ValidateLoginFuntionality" name="tc_001_login_funtionality" time="0.392"/>
</testsuite> <!-- Default test -->
